<?xml version="1.0" encoding="UTF-8"?>
<!-- Generated by org.testng.reporters.JUnitXMLReporter -->
<testsuite hostname="DESKTOP-I76TGM3" ignored="0" name="Test" tests="4" failures="0" timestamp="2020-09-08T17:54:08 CEST" time="21.9" errors="0">
  <testcase name="basePageNavigation" time="4.542" classname="Academy.HomePage"/>
  <testcase name="basePageNavigation" time="1.798" classname="Academy.HomePage"/>
  <testcase name="ValidateTitle" time="0.031" classname="Academy.ValidateTitle"/>
  <testcase name="validateNavigationBar" time="0.043" classname="Academy.validateNavigationBar"/>
</testsuite> <!-- Test -->
