<?xml version="1.0" encoding="UTF-8"?>
<!-- Generated by org.testng.reporters.JUnitXMLReporter -->
<testsuite hostname="DESKTOP-I76TGM3" ignored="0" name="Validating Naigation Bar" tests="1" failures="0" timestamp="2020-09-11T12:46:25 CEST" time="0.044" errors="0">
  <testcase name="@BeforeTest initialize" time="0.006" classname="Academy.ValidateNavigationBar">
    <failure type="java.lang.NullPointerException">
      <![CDATA[java.lang.NullPointerException
at resources.Bases.intializeDriver(Bases.java:45)
at Academy.ValidateNavigationBar.initialize(ValidateNavigationBar.java:22)
at java.util.concurrent.FutureTask.run(FutureTask.java:266)
at java.util.concurrent.ThreadPoolExecutor.runWorker(ThreadPoolExecutor.java:1149)
at java.util.concurrent.ThreadPoolExecutor$Worker.run(ThreadPoolExecutor.java:624)
at java.lang.Thread.run(Thread.java:748)
... Removed 15 stack frames]]>
    </failure>
  </testcase> <!-- @BeforeTest initialize -->
  <testcase name="@AfterTest teardown" time="-1.599821185063E9" classname="Academy.ValidateNavigationBar">
    <skipped/>
  </testcase> <!-- @AfterTest teardown -->
  <testcase name="validateNavigationBar" time="0.0" classname="Academy.ValidateNavigationBar">
    <skipped/>
  </testcase> <!-- validateNavigationBar -->
</testsuite> <!-- Validating Naigation Bar -->
