<?xml version="1.0" encoding="UTF-8"?>
<testsuite xmlns:xsi="http://www.w3.org/2001/XMLSchema-instance" xsi:noNamespaceSchemaLocation="https://maven.apache.org/surefire/maven-surefire-plugin/xsd/surefire-test-report-3.0.xsd" version="3.0" name="TestSuite" time="1.568" tests="11" errors="0" skipped="8" failures="3">
  <properties>
[...]
</properties>
  <testcase name="initialize" classname="Academy.ValidateNavigationBar" time="1.038">
    <failure type="java.lang.NullPointerException"><![CDATA[java.lang.NullPointerException
	at Academy.ValidateNavigationBar.initialize(ValidateNavigationBar.java:22)
]]></failure>
  </testcase>
  <testcase name="validateNavigationBar" classname="Academy.ValidateNavigationBar" time="0">
    <skipped/>
  </testcase>
  <testcase name="teardown" classname="Academy.ValidateNavigationBar" time="0">
    <skipped/>
  </testcase>
  <testcase name="initialize" classname="Academy.HomePage" time="1.039">
    <failure type="java.lang.NullPointerException"><![CDATA[java.lang.NullPointerException
	at Academy.HomePage.initialize(HomePage.java:67)
]]></failure>
  </testcase>
  <testcase name="basePageNavigation[nonrestricteduser@email.com, 123456, NonRestricted User](1)" classname="Academy.HomePage" time="0">
    <skipped/>
  </testcase>
  <testcase name="basePageNavigation[restricteduser@email.com, 56789, Restricted User](2)" classname="Academy.HomePage" time="0">
    <skipped/>
  </testcase>
  <testcase name="teardown" classname="Academy.HomePage" time="0">
    <skipped/>
  </testcase>
  <testcase name="initialize" classname="Academy.ValidateTitle" time="1.039">
    <failure type="java.lang.NullPointerException"><![CDATA[java.lang.NullPointerException
	at Academy.ValidateTitle.initialize(ValidateTitle.java:23)
]]></failure>
  </testcase>
  <testcase name="ValidateTitle" classname="Academy.ValidateTitle" time="0">
    <skipped/>
  </testcase>
  <testcase name="validateHeader" classname="Academy.ValidateTitle" time="0">
    <skipped/>
  </testcase>
  <testcase name="teardown" classname="Academy.ValidateTitle" time="0">
    <skipped/>
  </testcase>
</testsuite>